/src/main/kotlin/Shape.kt
/src/main/kotlin/Point.kt
/src/main/kotlin/Line.kt
/src/test/kotlin/ShapeTest.java
/src/test/kotlin/ShapeTest.kt
/src/main/kotlin/Circle.kt
/src/main/kotlin/Rectangle.kt
/src/test/kotlin/PointTest.java
/src/test/kotlin/PointTest.kt
/src/test/kotlin/LineTest.java
/src/test/kotlin/LineTest.kt
/src/test/kotlin/MyPointTest.kt
/src/main/kotlin/Ellipse.kt
/src/main/kotlin/Triangle.kt
/src/main/kotlin/Square.kt
/src/main/kotlin/MyPoint.kt
t-platform-commons/1.8.1/junit-platform-commons-1.8.1.jar!/org/junit/platform/commons/util/ReflectionUtils.class
/src/test/kotlin/RectangleTest.java
/src/test/kotlin/RectangleTest.kt
/src/main/kotlin/MyTriangle.kt
/src/test/kotlin/TriangleTest.java
/src/test/kotlin/TriangleTest0.java
/src/test/kotlin/TriangleTest.kt
